<?xml version="1.0" encoding="UTF-8"?>
<!-- Generated by org.testng.reporters.JUnitReportReporter -->
<testsuite skipped="0" hostname="DESKTOP-6CPCAFM" name="org.com.mavennext.TestmvnJen" tests="1" failures="0" timestamp="2020-12-27T12:19:47 MST" time="13.918" errors="0">
  <testcase name="SearchTest" time="13.918" classname="org.com.mavennext.TestmvnJen"/>
  <system-out/>
</testsuite> <!-- org.com.mavennext.TestmvnJen -->
