<?xml version="1.0" encoding="UTF-8"?>
<!-- Generated by org.testng.reporters.JUnitReportReporter -->
<testsuite hostname="DESKTOP-6CPCAFM" name="org.com.mavennext.MvnJentest" tests="1" failures="0" timestamp="27 Dec 2020 23:50:18 GMT" time="8.175" errors="0">
  <testcase name="SearchTest" time="8.175" classname="org.com.mavennext.MvnJentest"/>
</testsuite> <!-- org.com.mavennext.MvnJentest -->
