<?xml version="1.0" encoding="UTF-8"?>
<!-- Generated by org.testng.reporters.JUnitReportReporter -->
<testsuite hostname="DESKTOP-6CPCAFM" name="org.com.mavennext.MavenTest" tests="1" failures="0" timestamp="2 Jan 2021 00:47:47 GMT" time="10.069" errors="0">
  <testcase name="SearchTest" time="10.069" classname="org.com.mavennext.MavenTest"/>
</testsuite> <!-- org.com.mavennext.MavenTest -->
